{"C:\\Users\\jrbis\\Documents\\Proyectos\\fundesplai\\angular\\first-test\\backend\\src\\auth\\firebase-auth.guard.ts": {"path":"C:\\Users\\jrbis\\Documents\\Proyectos\\fundesplai\\angular\\first-test\\backend\\src\\auth\\firebase-auth.guard.ts","statementMap":{"0":{"start":{"line":1,"column":0},"end":{"line":1,"column":null}},"1":{"start":{"line":8,"column":0},"end":{"line":8,"column":41}},"2":{"start":{"line":9,"column":0},"end":{"line":9,"column":40}},"3":{"start":{"line":10,"column":0},"end":{"line":10,"column":51}},"4":{"start":{"line":14,"column":7},"end":{"line":45,"column":null}},"5":{"start":{"line":16,"column":45},"end":{"line":16,"column":58}},"6":{"start":{"line":17,"column":21},"end":{"line":17,"column":32}},"7":{"start":{"line":22,"column":21},"end":{"line":25,"column":6}},"8":{"start":{"line":26,"column":4},"end":{"line":26,"column":30}},"9":{"start":{"line":26,"column":18},"end":{"line":26,"column":30}},"10":{"start":{"line":28,"column":20},"end":{"line":28,"column":null}},"11":{"start":{"line":33,"column":23},"end":{"line":33,"column":58}},"12":{"start":{"line":34,"column":4},"end":{"line":34,"column":77}},"13":{"start":{"line":34,"column":43},"end":{"line":34,"column":77}},"14":{"start":{"line":36,"column":18},"end":{"line":36,"column":42}},"15":{"start":{"line":37,"column":4},"end":{"line":43,"column":5}},"16":{"start":{"line":39,"column":6},"end":{"line":39,"column":72}},"17":{"start":{"line":40,"column":6},"end":{"line":40,"column":18}},"18":{"start":{"line":42,"column":6},"end":{"line":42,"column":40}},"19":{"start":{"line":14,"column":13},"end":{"line":14,"column":30}},"20":{"start":{"line":14,"column":13},"end":{"line":45,"column":null}}},"fnMap":{"0":{"name":"(anonymous_13)","decl":{"start":{"line":15,"column":2},"end":{"line":15,"column":null}},"loc":{"start":{"line":17,"column":41},"end":{"line":18,"column":6}}},"1":{"name":"(anonymous_14)","decl":{"start":{"line":21,"column":2},"end":{"line":21,"column":7}},"loc":{"start":{"line":21,"column":45},"end":{"line":44,"column":3}}}},"branchMap":{"0":{"loc":{"start":{"line":26,"column":4},"end":{"line":26,"column":30}},"type":"if","locations":[{"start":{"line":26,"column":4},"end":{"line":26,"column":30}},{"start":{},"end":{}}]},"1":{"loc":{"start":{"line":33,"column":23},"end":{"line":33,"column":58}},"type":"binary-expr","locations":[{"start":{"line":33,"column":23},"end":{"line":33,"column":52}},{"start":{"line":33,"column":56},"end":{"line":33,"column":58}}]},"2":{"loc":{"start":{"line":34,"column":4},"end":{"line":34,"column":77}},"type":"if","locations":[{"start":{"line":34,"column":4},"end":{"line":34,"column":77}},{"start":{},"end":{}}]},"3":{"loc":{"start":{"line":16,"column":58},"end":{"line":16,"column":null}},"type":"cond-expr","locations":[{"start":{"line":16,"column":71},"end":{"line":16,"column":null}},{"start":{"line":16,"column":71},"end":{"line":16,"column":null}}]},"4":{"loc":{"start":{"line":16,"column":58},"end":{"line":16,"column":71}},"type":"binary-expr","locations":[{"start":{"line":16,"column":58},"end":{"line":16,"column":64}},{"start":{"line":16,"column":63},"end":{"line":16,"column":68}},{"start":{"line":16,"column":67},"end":{"line":16,"column":71}}]},"5":{"loc":{"start":{"line":16,"column":71},"end":{"line":17,"column":null}},"type":"cond-expr","locations":[{"start":{"line":17,"column":41},"end":{"line":17,"column":null}},{"start":{"line":17,"column":41},"end":{"line":17,"column":null}}]},"6":{"loc":{"start":{"line":16,"column":71},"end":{"line":17,"column":41}},"type":"binary-expr","locations":[{"start":{"line":16,"column":71},"end":{"line":17,"column":null}},{"start":{"line":17,"column":32},"end":{"line":17,"column":41}}]}},"s":{"0":1,"1":1,"2":1,"3":1,"4":1,"5":5,"6":5,"7":5,"8":5,"9":1,"10":4,"11":4,"12":4,"13":2,"14":2,"15":2,"16":2,"17":1,"18":1,"19":1,"20":1},"f":{"0":5,"1":5},"b":{"0":[1,4],"1":[4,1],"2":[2,2],"3":[0,1],"4":[1,1,1],"5":[1,0],"6":[1,1]}}
,"C:\\Users\\jrbis\\Documents\\Proyectos\\fundesplai\\angular\\first-test\\backend\\src\\auth\\public.decorator.ts": {"path":"C:\\Users\\jrbis\\Documents\\Proyectos\\fundesplai\\angular\\first-test\\backend\\src\\auth\\public.decorator.ts","statementMap":{"0":{"start":{"line":1,"column":0},"end":{"line":1,"column":45}},"1":{"start":{"line":4,"column":13},"end":{"line":4,"column":40}},"2":{"start":{"line":7,"column":22},"end":{"line":7,"column":60}},"3":{"start":{"line":7,"column":28},"end":{"line":7,"column":60}},"4":{"start":{"line":7,"column":13},"end":{"line":7,"column":22}}},"fnMap":{"0":{"name":"(anonymous_0)","decl":{"start":{"line":7,"column":22},"end":{"line":7,"column":25}},"loc":{"start":{"line":7,"column":28},"end":{"line":7,"column":60}}}},"branchMap":{},"s":{"0":2,"1":2,"2":2,"3":1,"4":2},"f":{"0":1},"b":{}}
,"C:\\Users\\jrbis\\Documents\\Proyectos\\fundesplai\\angular\\first-test\\backend\\src\\dashboard\\dashboard.controller.ts": {"path":"C:\\Users\\jrbis\\Documents\\Proyectos\\fundesplai\\angular\\first-test\\backend\\src\\dashboard\\dashboard.controller.ts","statementMap":{"0":{"start":{"line":1,"column":0},"end":{"line":1,"column":49}},"1":{"start":{"line":2,"column":0},"end":{"line":2,"column":55}},"2":{"start":{"line":6,"column":7},"end":{"line":14,"column":null}},"3":{"start":{"line":7,"column":31},"end":{"line":7,"column":49}},"4":{"start":{"line":12,"column":4},"end":{"line":12,"column":46}},"5":{"start":{"line":6,"column":13},"end":{"line":6,"column":32}},"6":{"start":{"line":11,"column":2},"end":{"line":13,"column":null}},"7":{"start":{"line":6,"column":13},"end":{"line":14,"column":null}}},"fnMap":{"0":{"name":"(anonymous_2)","decl":{"start":{"line":7,"column":2},"end":{"line":7,"column":31}},"loc":{"start":{"line":7,"column":65},"end":{"line":7,"column":69}}},"1":{"name":"(anonymous_3)","decl":{"start":{"line":11,"column":2},"end":{"line":11,"column":12}},"loc":{"start":{"line":11,"column":12},"end":{"line":13,"column":3}}}},"branchMap":{"0":{"loc":{"start":{"line":7,"column":49},"end":{"line":7,"column":68}},"type":"cond-expr","locations":[{"start":{"line":7,"column":65},"end":{"line":7,"column":68}},{"start":{"line":7,"column":65},"end":{"line":7,"column":68}}]},"1":{"loc":{"start":{"line":7,"column":49},"end":{"line":7,"column":65}},"type":"binary-expr","locations":[{"start":{"line":7,"column":49},"end":{"line":7,"column":68}},{"start":{"line":7,"column":49},"end":{"line":7,"column":65}}]}},"s":{"0":1,"1":1,"2":1,"3":1,"4":1,"5":1,"6":1,"7":1},"f":{"0":1,"1":1},"b":{"0":[1,0],"1":[1,1]}}
,"C:\\Users\\jrbis\\Documents\\Proyectos\\fundesplai\\angular\\first-test\\backend\\src\\dashboard\\dashboard.service.ts": {"path":"C:\\Users\\jrbis\\Documents\\Proyectos\\fundesplai\\angular\\first-test\\backend\\src\\dashboard\\dashboard.service.ts","statementMap":{"0":{"start":{"line":1,"column":0},"end":{"line":1,"column":44}},"1":{"start":{"line":2,"column":0},"end":{"line":2,"column":47}},"2":{"start":{"line":3,"column":0},"end":{"line":3,"column":33}},"3":{"start":{"line":4,"column":0},"end":{"line":4,"column":66}},"4":{"start":{"line":18,"column":7},"end":{"line":116,"column":null}},"5":{"start":{"line":21,"column":21},"end":{"line":21,"column":34}},"6":{"start":{"line":39,"column":21},"end":{"line":90,"column":13}},"7":{"start":{"line":92,"column":19},"end":{"line":98,"column":6}},"8":{"start":{"line":101,"column":26},"end":{"line":105,"column":7}},"9":{"start":{"line":101,"column":52},"end":{"line":105,"column":6}},"10":{"start":{"line":107,"column":4},"end":{"line":114,"column":6}},"11":{"start":{"line":18,"column":13},"end":{"line":18,"column":29}},"12":{"start":{"line":18,"column":13},"end":{"line":116,"column":null}}},"fnMap":{"0":{"name":"(anonymous_4)","decl":{"start":{"line":19,"column":2},"end":{"line":19,"column":null}},"loc":{"start":{"line":21,"column":55},"end":{"line":22,"column":6}}},"1":{"name":"(anonymous_5)","decl":{"start":{"line":25,"column":2},"end":{"line":25,"column":7}},"loc":{"start":{"line":25,"column":18},"end":{"line":115,"column":3}}},"2":{"name":"(anonymous_6)","decl":{"start":{"line":101,"column":44},"end":{"line":101,"column":45}},"loc":{"start":{"line":101,"column":52},"end":{"line":105,"column":6}}}},"branchMap":{"0":{"loc":{"start":{"line":92,"column":19},"end":{"line":98,"column":6}},"type":"binary-expr","locations":[{"start":{"line":92,"column":19},"end":{"line":92,"column":35}},{"start":{"line":92,"column":39},"end":{"line":98,"column":6}}]},"1":{"loc":{"start":{"line":21,"column":34},"end":{"line":21,"column":55}},"type":"cond-expr","locations":[{"start":{"line":21,"column":39},"end":{"line":21,"column":55}},{"start":{"line":21,"column":39},"end":{"line":21,"column":55}}]},"2":{"loc":{"start":{"line":21,"column":34},"end":{"line":21,"column":39}},"type":"binary-expr","locations":[{"start":{"line":21,"column":34},"end":{"line":21,"column":55}},{"start":{"line":21,"column":34},"end":{"line":21,"column":39}}]}},"s":{"0":2,"1":2,"2":2,"3":2,"4":2,"5":4,"6":4,"7":4,"8":4,"9":5,"10":4,"11":2,"12":2},"f":{"0":4,"1":4,"2":5},"b":{"0":[4,1],"1":[2,0],"2":[2,2]}}
,"C:\\Users\\jrbis\\Documents\\Proyectos\\fundesplai\\angular\\first-test\\backend\\src\\health\\health.controller.ts": {"path":"C:\\Users\\jrbis\\Documents\\Proyectos\\fundesplai\\angular\\first-test\\backend\\src\\health\\health.controller.ts","statementMap":{"0":{"start":{"line":1,"column":0},"end":{"line":1,"column":49}},"1":{"start":{"line":2,"column":0},"end":{"line":2,"column":50}},"2":{"start":{"line":7,"column":7},"end":{"line":13,"column":null}},"3":{"start":{"line":11,"column":4},"end":{"line":11,"column":65}},"4":{"start":{"line":7,"column":13},"end":{"line":7,"column":29}},"5":{"start":{"line":10,"column":2},"end":{"line":12,"column":null}},"6":{"start":{"line":7,"column":13},"end":{"line":13,"column":null}}},"fnMap":{"0":{"name":"(anonymous_2)","decl":{"start":{"line":10,"column":2},"end":{"line":10,"column":7}},"loc":{"start":{"line":10,"column":7},"end":{"line":12,"column":3}}}},"branchMap":{},"s":{"0":1,"1":1,"2":1,"3":3,"4":1,"5":1,"6":1},"f":{"0":3},"b":{}}
,"C:\\Users\\jrbis\\Documents\\Proyectos\\fundesplai\\angular\\first-test\\backend\\src\\pedidos\\create-pedido.dto.ts": {"path":"C:\\Users\\jrbis\\Documents\\Proyectos\\fundesplai\\angular\\first-test\\backend\\src\\pedidos\\create-pedido.dto.ts","statementMap":{"0":{"start":{"line":1,"column":0},"end":{"line":1,"column":null}},"1":{"start":{"line":11,"column":0},"end":{"line":11,"column":13}},"2":{"start":{"line":15,"column":2},"end":{"line":15,"column":null}},"3":{"start":{"line":19,"column":2},"end":{"line":19,"column":null}},"4":{"start":{"line":23,"column":2},"end":{"line":23,"column":null}},"5":{"start":{"line":27,"column":2},"end":{"line":27,"column":null}},"6":{"start":{"line":32,"column":2},"end":{"line":32,"column":null}},"7":{"start":{"line":37,"column":2},"end":{"line":37,"column":null}}},"fnMap":{},"branchMap":{},"s":{"0":1,"1":1,"2":1,"3":1,"4":1,"5":1,"6":1,"7":1},"f":{},"b":{}}
,"C:\\Users\\jrbis\\Documents\\Proyectos\\fundesplai\\angular\\first-test\\backend\\src\\pedidos\\pedido.schema.ts": {"path":"C:\\Users\\jrbis\\Documents\\Proyectos\\fundesplai\\angular\\first-test\\backend\\src\\pedidos\\pedido.schema.ts","statementMap":{"0":{"start":{"line":1,"column":0},"end":{"line":1,"column":63}},"1":{"start":{"line":9,"column":7},"end":{"line":33,"column":null}},"2":{"start":{"line":9,"column":13},"end":{"line":9,"column":19}},"3":{"start":{"line":12,"column":2},"end":{"line":12,"column":null}},"4":{"start":{"line":16,"column":2},"end":{"line":16,"column":null}},"5":{"start":{"line":20,"column":2},"end":{"line":20,"column":null}},"6":{"start":{"line":24,"column":2},"end":{"line":24,"column":null}},"7":{"start":{"line":28,"column":2},"end":{"line":28,"column":null}},"8":{"start":{"line":32,"column":2},"end":{"line":32,"column":null}},"9":{"start":{"line":9,"column":13},"end":{"line":33,"column":null}},"10":{"start":{"line":35,"column":13},"end":{"line":35,"column":65}},"11":{"start":{"line":38,"column":0},"end":{"line":38,"column":33}},"12":{"start":{"line":39,"column":0},"end":{"line":39,"column":33}}},"fnMap":{},"branchMap":{"0":{"loc":{"start":{"line":20,"column":9},"end":{"line":20,"column":14}},"type":"cond-expr","locations":[{"start":{"line":20,"column":13},"end":{"line":20,"column":14}},{"start":{"line":20,"column":13},"end":{"line":20,"column":14}}]},"1":{"loc":{"start":{"line":20,"column":9},"end":{"line":20,"column":13}},"type":"binary-expr","locations":[{"start":{"line":20,"column":9},"end":{"line":20,"column":14}},{"start":{"line":20,"column":9},"end":{"line":20,"column":13}}]}},"s":{"0":4,"1":4,"2":4,"3":4,"4":4,"5":4,"6":4,"7":4,"8":4,"9":4,"10":4,"11":4,"12":4},"f":{},"b":{"0":[4,0],"1":[4,4]}}
,"C:\\Users\\jrbis\\Documents\\Proyectos\\fundesplai\\angular\\first-test\\backend\\src\\pedidos\\pedidos.controller.ts": {"path":"C:\\Users\\jrbis\\Documents\\Proyectos\\fundesplai\\angular\\first-test\\backend\\src\\pedidos\\pedidos.controller.ts","statementMap":{"0":{"start":{"line":1,"column":0},"end":{"line":1,"column":null}},"1":{"start":{"line":12,"column":0},"end":{"line":12,"column":51}},"2":{"start":{"line":13,"column":0},"end":{"line":13,"column":54}},"3":{"start":{"line":14,"column":0},"end":{"line":14,"column":54}},"4":{"start":{"line":18,"column":7},"end":{"line":52,"column":null}},"5":{"start":{"line":19,"column":31},"end":{"line":19,"column":47}},"6":{"start":{"line":24,"column":4},"end":{"line":24,"column":41}},"7":{"start":{"line":30,"column":4},"end":{"line":30,"column":43}},"8":{"start":{"line":37,"column":4},"end":{"line":37,"column":43}},"9":{"start":{"line":43,"column":4},"end":{"line":43,"column":47}},"10":{"start":{"line":50,"column":4},"end":{"line":50,"column":42}},"11":{"start":{"line":18,"column":13},"end":{"line":18,"column":30}},"12":{"start":{"line":23,"column":2},"end":{"line":25,"column":null}},"13":{"start":{"line":29,"column":2},"end":{"line":31,"column":null}},"14":{"start":{"line":36,"column":2},"end":{"line":38,"column":null}},"15":{"start":{"line":42,"column":2},"end":{"line":44,"column":null}},"16":{"start":{"line":49,"column":2},"end":{"line":51,"column":null}},"17":{"start":{"line":18,"column":13},"end":{"line":52,"column":null}}},"fnMap":{"0":{"name":"(anonymous_4)","decl":{"start":{"line":19,"column":2},"end":{"line":19,"column":31}},"loc":{"start":{"line":19,"column":61},"end":{"line":19,"column":65}}},"1":{"name":"(anonymous_5)","decl":{"start":{"line":23,"column":2},"end":{"line":23,"column":9}},"loc":{"start":{"line":23,"column":9},"end":{"line":25,"column":3}}},"2":{"name":"(anonymous_6)","decl":{"start":{"line":29,"column":2},"end":{"line":29,"column":9}},"loc":{"start":{"line":29,"column":33},"end":{"line":31,"column":3}}},"3":{"name":"(anonymous_7)","decl":{"start":{"line":36,"column":2},"end":{"line":36,"column":8}},"loc":{"start":{"line":36,"column":37},"end":{"line":38,"column":3}}},"4":{"name":"(anonymous_8)","decl":{"start":{"line":42,"column":2},"end":{"line":42,"column":8}},"loc":{"start":{"line":42,"column":62},"end":{"line":44,"column":3}}},"5":{"name":"(anonymous_9)","decl":{"start":{"line":49,"column":2},"end":{"line":49,"column":8}},"loc":{"start":{"line":49,"column":32},"end":{"line":51,"column":3}}}},"branchMap":{"0":{"loc":{"start":{"line":36,"column":22},"end":{"line":36,"column":null}},"type":"cond-expr","locations":[{"start":{"line":36,"column":37},"end":{"line":36,"column":null}},{"start":{"line":36,"column":37},"end":{"line":36,"column":null}}]},"1":{"loc":{"start":{"line":36,"column":22},"end":{"line":36,"column":37}},"type":"binary-expr","locations":[{"start":{"line":36,"column":22},"end":{"line":36,"column":null}},{"start":{"line":36,"column":22},"end":{"line":36,"column":37}}]},"2":{"loc":{"start":{"line":42,"column":47},"end":{"line":42,"column":null}},"type":"cond-expr","locations":[{"start":{"line":42,"column":62},"end":{"line":42,"column":null}},{"start":{"line":42,"column":62},"end":{"line":42,"column":null}}]},"3":{"loc":{"start":{"line":42,"column":47},"end":{"line":42,"column":62}},"type":"binary-expr","locations":[{"start":{"line":42,"column":47},"end":{"line":42,"column":null}},{"start":{"line":42,"column":47},"end":{"line":42,"column":62}}]},"4":{"loc":{"start":{"line":19,"column":47},"end":{"line":19,"column":64}},"type":"cond-expr","locations":[{"start":{"line":19,"column":61},"end":{"line":19,"column":64}},{"start":{"line":19,"column":61},"end":{"line":19,"column":64}}]},"5":{"loc":{"start":{"line":19,"column":47},"end":{"line":19,"column":61}},"type":"binary-expr","locations":[{"start":{"line":19,"column":47},"end":{"line":19,"column":64}},{"start":{"line":19,"column":47},"end":{"line":19,"column":61}}]}},"s":{"0":1,"1":1,"2":1,"3":1,"4":1,"5":5,"6":1,"7":1,"8":1,"9":1,"10":1,"11":1,"12":1,"13":1,"14":1,"15":1,"16":1,"17":1},"f":{"0":5,"1":1,"2":1,"3":1,"4":1,"5":1},"b":{"0":[1,0],"1":[1,1],"2":[1,0],"3":[1,1],"4":[1,0],"5":[1,1]}}
,"C:\\Users\\jrbis\\Documents\\Proyectos\\fundesplai\\angular\\first-test\\backend\\src\\pedidos\\pedidos.service.ts": {"path":"C:\\Users\\jrbis\\Documents\\Proyectos\\fundesplai\\angular\\first-test\\backend\\src\\pedidos\\pedidos.service.ts","statementMap":{"0":{"start":{"line":1,"column":0},"end":{"line":1,"column":63}},"1":{"start":{"line":2,"column":0},"end":{"line":2,"column":47}},"2":{"start":{"line":3,"column":0},"end":{"line":3,"column":33}},"3":{"start":{"line":4,"column":0},"end":{"line":4,"column":57}},"4":{"start":{"line":10,"column":7},"end":{"line":47,"column":null}},"5":{"start":{"line":12,"column":47},"end":{"line":12,"column":60}},"6":{"start":{"line":17,"column":4},"end":{"line":17,"column":42}},"7":{"start":{"line":22,"column":19},"end":{"line":22,"column":61}},"8":{"start":{"line":23,"column":4},"end":{"line":23,"column":71}},"9":{"start":{"line":23,"column":17},"end":{"line":23,"column":71}},"10":{"start":{"line":24,"column":4},"end":{"line":24,"column":18}},"11":{"start":{"line":29,"column":20},"end":{"line":29,"column":45}},"12":{"start":{"line":30,"column":4},"end":{"line":30,"column":26}},"13":{"start":{"line":35,"column":20},"end":{"line":37,"column":13}},"14":{"start":{"line":38,"column":4},"end":{"line":38,"column":72}},"15":{"start":{"line":38,"column":18},"end":{"line":38,"column":72}},"16":{"start":{"line":39,"column":4},"end":{"line":39,"column":19}},"17":{"start":{"line":44,"column":20},"end":{"line":44,"column":71}},"18":{"start":{"line":45,"column":4},"end":{"line":45,"column":72}},"19":{"start":{"line":45,"column":18},"end":{"line":45,"column":72}},"20":{"start":{"line":10,"column":13},"end":{"line":10,"column":27}},"21":{"start":{"line":10,"column":13},"end":{"line":47,"column":null}}},"fnMap":{"0":{"name":"(anonymous_4)","decl":{"start":{"line":11,"column":2},"end":{"line":11,"column":null}},"loc":{"start":{"line":12,"column":81},"end":{"line":13,"column":6}}},"1":{"name":"(anonymous_5)","decl":{"start":{"line":16,"column":2},"end":{"line":16,"column":7}},"loc":{"start":{"line":16,"column":15},"end":{"line":18,"column":3}}},"2":{"name":"(anonymous_6)","decl":{"start":{"line":21,"column":2},"end":{"line":21,"column":7}},"loc":{"start":{"line":21,"column":26},"end":{"line":25,"column":3}}},"3":{"name":"(anonymous_7)","decl":{"start":{"line":28,"column":2},"end":{"line":28,"column":7}},"loc":{"start":{"line":28,"column":35},"end":{"line":31,"column":3}}},"4":{"name":"(anonymous_8)","decl":{"start":{"line":34,"column":2},"end":{"line":34,"column":7}},"loc":{"start":{"line":34,"column":47},"end":{"line":40,"column":3}}},"5":{"name":"(anonymous_9)","decl":{"start":{"line":43,"column":2},"end":{"line":43,"column":7}},"loc":{"start":{"line":43,"column":25},"end":{"line":46,"column":3}}}},"branchMap":{"0":{"loc":{"start":{"line":23,"column":4},"end":{"line":23,"column":71}},"type":"if","locations":[{"start":{"line":23,"column":4},"end":{"line":23,"column":71}},{"start":{},"end":{}}]},"1":{"loc":{"start":{"line":38,"column":4},"end":{"line":38,"column":72}},"type":"if","locations":[{"start":{"line":38,"column":4},"end":{"line":38,"column":72}},{"start":{},"end":{}}]},"2":{"loc":{"start":{"line":45,"column":4},"end":{"line":45,"column":72}},"type":"if","locations":[{"start":{"line":45,"column":4},"end":{"line":45,"column":72}},{"start":{},"end":{}}]},"3":{"loc":{"start":{"line":12,"column":60},"end":{"line":12,"column":81}},"type":"cond-expr","locations":[{"start":{"line":12,"column":65},"end":{"line":12,"column":81}},{"start":{"line":12,"column":65},"end":{"line":12,"column":81}}]},"4":{"loc":{"start":{"line":12,"column":60},"end":{"line":12,"column":65}},"type":"binary-expr","locations":[{"start":{"line":12,"column":60},"end":{"line":12,"column":81}},{"start":{"line":12,"column":60},"end":{"line":12,"column":65}}]}},"s":{"0":2,"1":2,"2":2,"3":2,"4":2,"5":8,"6":1,"7":2,"8":2,"9":1,"10":1,"11":1,"12":1,"13":2,"14":2,"15":1,"16":1,"17":2,"18":2,"19":1,"20":2,"21":2},"f":{"0":8,"1":1,"2":2,"3":1,"4":2,"5":2},"b":{"0":[1,1],"1":[1,1],"2":[1,1],"3":[2,0],"4":[2,2]}}
,"C:\\Users\\jrbis\\Documents\\Proyectos\\fundesplai\\angular\\first-test\\backend\\src\\pedidos\\update-pedido.dto.ts": {"path":"C:\\Users\\jrbis\\Documents\\Proyectos\\fundesplai\\angular\\first-test\\backend\\src\\pedidos\\update-pedido.dto.ts","statementMap":{"0":{"start":{"line":1,"column":0},"end":{"line":1,"column":51}},"1":{"start":{"line":2,"column":0},"end":{"line":2,"column":54}},"2":{"start":{"line":5,"column":0},"end":{"line":5,"column":13}}},"fnMap":{},"branchMap":{},"s":{"0":1,"1":1,"2":1},"f":{},"b":{}}
,"C:\\Users\\jrbis\\Documents\\Proyectos\\fundesplai\\angular\\first-test\\backend\\src\\users\\create-user.dto.ts": {"path":"C:\\Users\\jrbis\\Documents\\Proyectos\\fundesplai\\angular\\first-test\\backend\\src\\users\\create-user.dto.ts","statementMap":{"0":{"start":{"line":1,"column":0},"end":{"line":1,"column":64}},"1":{"start":{"line":4,"column":0},"end":{"line":4,"column":13}},"2":{"start":{"line":8,"column":2},"end":{"line":8,"column":null}},"3":{"start":{"line":13,"column":2},"end":{"line":13,"column":null}},"4":{"start":{"line":17,"column":2},"end":{"line":17,"column":null}}},"fnMap":{},"branchMap":{},"s":{"0":1,"1":1,"2":1,"3":1,"4":1},"f":{},"b":{}}
,"C:\\Users\\jrbis\\Documents\\Proyectos\\fundesplai\\angular\\first-test\\backend\\src\\users\\update-user.dto.ts": {"path":"C:\\Users\\jrbis\\Documents\\Proyectos\\fundesplai\\angular\\first-test\\backend\\src\\users\\update-user.dto.ts","statementMap":{"0":{"start":{"line":1,"column":0},"end":{"line":1,"column":51}},"1":{"start":{"line":2,"column":0},"end":{"line":2,"column":50}},"2":{"start":{"line":5,"column":0},"end":{"line":5,"column":13}}},"fnMap":{},"branchMap":{},"s":{"0":1,"1":1,"2":1},"f":{},"b":{}}
,"C:\\Users\\jrbis\\Documents\\Proyectos\\fundesplai\\angular\\first-test\\backend\\src\\users\\user.schema.ts": {"path":"C:\\Users\\jrbis\\Documents\\Proyectos\\fundesplai\\angular\\first-test\\backend\\src\\users\\user.schema.ts","statementMap":{"0":{"start":{"line":1,"column":0},"end":{"line":1,"column":63}},"1":{"start":{"line":9,"column":7},"end":{"line":21,"column":null}},"2":{"start":{"line":9,"column":13},"end":{"line":9,"column":17}},"3":{"start":{"line":12,"column":2},"end":{"line":12,"column":null}},"4":{"start":{"line":16,"column":2},"end":{"line":16,"column":null}},"5":{"start":{"line":20,"column":2},"end":{"line":20,"column":null}},"6":{"start":{"line":9,"column":13},"end":{"line":21,"column":null}},"7":{"start":{"line":23,"column":13},"end":{"line":23,"column":61}}},"fnMap":{},"branchMap":{},"s":{"0":2,"1":2,"2":2,"3":2,"4":2,"5":2,"6":2,"7":2},"f":{},"b":{}}
,"C:\\Users\\jrbis\\Documents\\Proyectos\\fundesplai\\angular\\first-test\\backend\\src\\users\\users.controller.ts": {"path":"C:\\Users\\jrbis\\Documents\\Proyectos\\fundesplai\\angular\\first-test\\backend\\src\\users\\users.controller.ts","statementMap":{"0":{"start":{"line":1,"column":0},"end":{"line":1,"column":null}},"1":{"start":{"line":12,"column":0},"end":{"line":12,"column":47}},"2":{"start":{"line":13,"column":0},"end":{"line":13,"column":50}},"3":{"start":{"line":14,"column":0},"end":{"line":14,"column":50}},"4":{"start":{"line":18,"column":7},"end":{"line":52,"column":null}},"5":{"start":{"line":19,"column":31},"end":{"line":19,"column":45}},"6":{"start":{"line":24,"column":4},"end":{"line":24,"column":39}},"7":{"start":{"line":30,"column":4},"end":{"line":30,"column":41}},"8":{"start":{"line":37,"column":4},"end":{"line":37,"column":41}},"9":{"start":{"line":43,"column":4},"end":{"line":43,"column":45}},"10":{"start":{"line":50,"column":4},"end":{"line":50,"column":40}},"11":{"start":{"line":18,"column":13},"end":{"line":18,"column":28}},"12":{"start":{"line":23,"column":2},"end":{"line":25,"column":null}},"13":{"start":{"line":29,"column":2},"end":{"line":31,"column":null}},"14":{"start":{"line":36,"column":2},"end":{"line":38,"column":null}},"15":{"start":{"line":42,"column":2},"end":{"line":44,"column":null}},"16":{"start":{"line":49,"column":2},"end":{"line":51,"column":null}},"17":{"start":{"line":18,"column":13},"end":{"line":52,"column":null}}},"fnMap":{"0":{"name":"(anonymous_4)","decl":{"start":{"line":19,"column":2},"end":{"line":19,"column":31}},"loc":{"start":{"line":19,"column":57},"end":{"line":19,"column":61}}},"1":{"name":"(anonymous_5)","decl":{"start":{"line":23,"column":2},"end":{"line":23,"column":9}},"loc":{"start":{"line":23,"column":9},"end":{"line":25,"column":3}}},"2":{"name":"(anonymous_6)","decl":{"start":{"line":29,"column":2},"end":{"line":29,"column":9}},"loc":{"start":{"line":29,"column":33},"end":{"line":31,"column":3}}},"3":{"name":"(anonymous_7)","decl":{"start":{"line":36,"column":2},"end":{"line":36,"column":8}},"loc":{"start":{"line":36,"column":35},"end":{"line":38,"column":3}}},"4":{"name":"(anonymous_8)","decl":{"start":{"line":42,"column":2},"end":{"line":42,"column":8}},"loc":{"start":{"line":42,"column":60},"end":{"line":44,"column":3}}},"5":{"name":"(anonymous_9)","decl":{"start":{"line":49,"column":2},"end":{"line":49,"column":8}},"loc":{"start":{"line":49,"column":32},"end":{"line":51,"column":3}}}},"branchMap":{"0":{"loc":{"start":{"line":36,"column":22},"end":{"line":36,"column":null}},"type":"cond-expr","locations":[{"start":{"line":36,"column":35},"end":{"line":36,"column":null}},{"start":{"line":36,"column":35},"end":{"line":36,"column":null}}]},"1":{"loc":{"start":{"line":36,"column":22},"end":{"line":36,"column":35}},"type":"binary-expr","locations":[{"start":{"line":36,"column":22},"end":{"line":36,"column":null}},{"start":{"line":36,"column":22},"end":{"line":36,"column":35}}]},"2":{"loc":{"start":{"line":42,"column":47},"end":{"line":42,"column":null}},"type":"cond-expr","locations":[{"start":{"line":42,"column":60},"end":{"line":42,"column":null}},{"start":{"line":42,"column":60},"end":{"line":42,"column":null}}]},"3":{"loc":{"start":{"line":42,"column":47},"end":{"line":42,"column":60}},"type":"binary-expr","locations":[{"start":{"line":42,"column":47},"end":{"line":42,"column":null}},{"start":{"line":42,"column":47},"end":{"line":42,"column":60}}]},"4":{"loc":{"start":{"line":19,"column":45},"end":{"line":19,"column":60}},"type":"cond-expr","locations":[{"start":{"line":19,"column":57},"end":{"line":19,"column":60}},{"start":{"line":19,"column":57},"end":{"line":19,"column":60}}]},"5":{"loc":{"start":{"line":19,"column":45},"end":{"line":19,"column":57}},"type":"binary-expr","locations":[{"start":{"line":19,"column":45},"end":{"line":19,"column":60}},{"start":{"line":19,"column":45},"end":{"line":19,"column":57}}]}},"s":{"0":1,"1":1,"2":1,"3":1,"4":1,"5":5,"6":1,"7":1,"8":1,"9":1,"10":1,"11":1,"12":1,"13":1,"14":1,"15":1,"16":1,"17":1},"f":{"0":5,"1":1,"2":1,"3":1,"4":1,"5":1},"b":{"0":[1,0],"1":[1,1],"2":[1,0],"3":[1,1],"4":[1,0],"5":[1,1]}}
,"C:\\Users\\jrbis\\Documents\\Proyectos\\fundesplai\\angular\\first-test\\backend\\src\\users\\users.service.ts": {"path":"C:\\Users\\jrbis\\Documents\\Proyectos\\fundesplai\\angular\\first-test\\backend\\src\\users\\users.service.ts","statementMap":{"0":{"start":{"line":1,"column":0},"end":{"line":1,"column":null}},"1":{"start":{"line":6,"column":0},"end":{"line":6,"column":47}},"2":{"start":{"line":7,"column":0},"end":{"line":7,"column":48}},"3":{"start":{"line":8,"column":0},"end":{"line":8,"column":51}},"4":{"start":{"line":14,"column":7},"end":{"line":69,"column":null}},"5":{"start":{"line":16,"column":45},"end":{"line":16,"column":56}},"6":{"start":{"line":21,"column":4},"end":{"line":21,"column":40}},"7":{"start":{"line":26,"column":17},"end":{"line":26,"column":57}},"8":{"start":{"line":27,"column":4},"end":{"line":27,"column":67}},"9":{"start":{"line":27,"column":15},"end":{"line":27,"column":67}},"10":{"start":{"line":28,"column":4},"end":{"line":28,"column":16}},"11":{"start":{"line":33,"column":4},"end":{"line":42,"column":5}},"12":{"start":{"line":34,"column":22},"end":{"line":34,"column":45}},"13":{"start":{"line":35,"column":6},"end":{"line":35,"column":34}},"14":{"start":{"line":38,"column":6},"end":{"line":40,"column":7}},"15":{"start":{"line":39,"column":8},"end":{"line":39,"column":60}},"16":{"start":{"line":41,"column":6},"end":{"line":41,"column":16}},"17":{"start":{"line":47,"column":20},"end":{"line":49,"column":13}},"18":{"start":{"line":50,"column":4},"end":{"line":50,"column":70}},"19":{"start":{"line":50,"column":18},"end":{"line":50,"column":70}},"20":{"start":{"line":51,"column":4},"end":{"line":51,"column":19}},"21":{"start":{"line":56,"column":20},"end":{"line":56,"column":69}},"22":{"start":{"line":57,"column":4},"end":{"line":57,"column":70}},"23":{"start":{"line":57,"column":18},"end":{"line":57,"column":70}},"24":{"start":{"line":62,"column":4},"end":{"line":67,"column":6}},"25":{"start":{"line":14,"column":13},"end":{"line":14,"column":25}},"26":{"start":{"line":14,"column":13},"end":{"line":69,"column":null}}},"fnMap":{"0":{"name":"(anonymous_4)","decl":{"start":{"line":15,"column":2},"end":{"line":15,"column":null}},"loc":{"start":{"line":16,"column":75},"end":{"line":17,"column":6}}},"1":{"name":"(anonymous_5)","decl":{"start":{"line":20,"column":2},"end":{"line":20,"column":7}},"loc":{"start":{"line":20,"column":15},"end":{"line":22,"column":3}}},"2":{"name":"(anonymous_6)","decl":{"start":{"line":25,"column":2},"end":{"line":25,"column":7}},"loc":{"start":{"line":25,"column":26},"end":{"line":29,"column":3}}},"3":{"name":"(anonymous_7)","decl":{"start":{"line":32,"column":2},"end":{"line":32,"column":7}},"loc":{"start":{"line":32,"column":33},"end":{"line":43,"column":3}}},"4":{"name":"(anonymous_8)","decl":{"start":{"line":46,"column":2},"end":{"line":46,"column":7}},"loc":{"start":{"line":46,"column":45},"end":{"line":52,"column":3}}},"5":{"name":"(anonymous_9)","decl":{"start":{"line":55,"column":2},"end":{"line":55,"column":7}},"loc":{"start":{"line":55,"column":25},"end":{"line":58,"column":3}}},"6":{"name":"(anonymous_10)","decl":{"start":{"line":61,"column":10},"end":{"line":61,"column":29}},"loc":{"start":{"line":61,"column":42},"end":{"line":68,"column":3}}}},"branchMap":{"0":{"loc":{"start":{"line":27,"column":4},"end":{"line":27,"column":67}},"type":"if","locations":[{"start":{"line":27,"column":4},"end":{"line":27,"column":67}},{"start":{},"end":{}}]},"1":{"loc":{"start":{"line":38,"column":6},"end":{"line":40,"column":7}},"type":"if","locations":[{"start":{"line":38,"column":6},"end":{"line":40,"column":7}},{"start":{},"end":{}}]},"2":{"loc":{"start":{"line":50,"column":4},"end":{"line":50,"column":70}},"type":"if","locations":[{"start":{"line":50,"column":4},"end":{"line":50,"column":70}},{"start":{},"end":{}}]},"3":{"loc":{"start":{"line":57,"column":4},"end":{"line":57,"column":70}},"type":"if","locations":[{"start":{"line":57,"column":4},"end":{"line":57,"column":70}},{"start":{},"end":{}}]},"4":{"loc":{"start":{"line":63,"column":6},"end":{"line":66,"column":46}},"type":"binary-expr","locations":[{"start":{"line":63,"column":6},"end":{"line":63,"column":29}},{"start":{"line":64,"column":6},"end":{"line":64,"column":18}},{"start":{"line":65,"column":6},"end":{"line":65,"column":19}},{"start":{"line":66,"column":7},"end":{"line":66,"column":46}}]},"5":{"loc":{"start":{"line":16,"column":56},"end":{"line":16,"column":75}},"type":"cond-expr","locations":[{"start":{"line":16,"column":61},"end":{"line":16,"column":75}},{"start":{"line":16,"column":61},"end":{"line":16,"column":75}}]},"6":{"loc":{"start":{"line":16,"column":56},"end":{"line":16,"column":61}},"type":"binary-expr","locations":[{"start":{"line":16,"column":56},"end":{"line":16,"column":75}},{"start":{"line":16,"column":56},"end":{"line":16,"column":61}}]}},"s":{"0":2,"1":2,"2":2,"3":2,"4":2,"5":10,"6":1,"7":2,"8":2,"9":1,"10":1,"11":3,"12":3,"13":3,"14":2,"15":1,"16":1,"17":2,"18":2,"19":1,"20":1,"21":2,"22":2,"23":1,"24":2,"25":2,"26":2},"f":{"0":10,"1":1,"2":2,"3":3,"4":2,"5":2,"6":2},"b":{"0":[1,1],"1":[1,1],"2":[1,1],"3":[1,1],"4":[2,2,2,1],"5":[2,0],"6":[2,2]}}
}
